<?xml version="1.0" encoding="UTF-8"?>
<!-- Generated by org.testng.reporters.JUnitXMLReporter -->
<testsuite ignored="0" hostname="JOHAN-NB" failures="0" tests="13" name="Default test" time="65.063" errors="0" timestamp="2024-09-21T23:45:08 WIB">
  <testcase classname="testrunner.HomePageTests" name="TestNaviLeftMenu" time="7.932"/>
  <testcase classname="testrunner.HomePageTests" name="TestNaviLeftMenuAdmin" time="2.819"/>
  <testcase classname="testrunner.HomePageTests" name="TestNaviLeftMenuPIM" time="3.027"/>
  <testcase classname="testrunner.HomePageTests" name="TestNaviLeftMenuLeave" time="2.406"/>
  <testcase classname="testrunner.HomePageTests" name="TestNaviLeftMenuTime" time="2.584"/>
  <testcase classname="testrunner.HomePageTests" name="TestNaviLeftMenuRecruitment" time="2.398"/>
  <testcase classname="testrunner.HomePageTests" name="TestNaviLeftMenuMyInfo" time="2.652"/>
  <testcase classname="testrunner.HomePageTests" name="TestNaviLeftMenuPerformance" time="2.434"/>
  <testcase classname="testrunner.HomePageTests" name="TestNaviLeftDashboard" time="2.048"/>
  <testcase classname="testrunner.HomePageTests" name="TestNaviLeftDirectory" time="2.038"/>
  <testcase classname="testrunner.HomePageTests" name="TestNaviLeftClaim" time="2.871"/>
  <testcase classname="testrunner.HomePageTests" name="TestNaviLeftBuzz" time="2.034"/>
  <testcase classname="testrunner.HomePageTests" name="TestNaviLeftMaintenance" time="3.922"/>
</testsuite> <!-- Default test -->
