<?xml version="1.0" encoding="UTF-8"?>
<!-- Generated by org.testng.reporters.JUnitXMLReporter -->
<testsuite ignored="0" hostname="JOHAN-NB" failures="0" tests="17" name="HomePage Tests" time="1.689" errors="0" timestamp="2024-10-19T19:29:56 WIB">
  <testcase classname="setup.BaseTests" name="@BeforeTest setup" time="1.546">
    <failure type="org.openqa.selenium.SessionNotCreatedException" message="Could not start a new session. Response code 500. Message: session not created: This version of ChromeDriver only supports Chrome version 114
Current browser version is 129.0.6668.103 with binary path C:\Program Files\Google\Chrome\Application\chrome.exe 
Host info: host: &amp;apos;JOHAN-NB&amp;apos;, ip: &amp;apos;192.168.56.1&amp;apos;
Build info: version: &amp;apos;4.24.0&amp;apos;, revision: &amp;apos;748ffc9bc3&amp;apos;
System info: os.name: &amp;apos;Windows 10&amp;apos;, os.arch: &amp;apos;amd64&amp;apos;, os.version: &amp;apos;10.0&amp;apos;, java.version: &amp;apos;22.0.1&amp;apos;
Driver info: org.openqa.selenium.chrome.ChromeDriver
Command: [null, newSession {capabilities=[Capabilities {browserName: chrome, goog:chromeOptions: {args: [--disable-search-engine-cho..., --disable-features=Optimiza...], extensions: []}}]}]">
      <![CDATA[org.openqa.selenium.SessionNotCreatedException: Could not start a new session. Response code 500. Message: session not created: This version of ChromeDriver only supports Chrome version 114
Current browser version is 129.0.6668.103 with binary path C:\Program Files\Google\Chrome\Application\chrome.exe 
Host info: host: 'JOHAN-NB', ip: '192.168.56.1'
Build info: version: '4.24.0', revision: '748ffc9bc3'
System info: os.name: 'Windows 10', os.arch: 'amd64', os.version: '10.0', java.version: '22.0.1'
Driver info: org.openqa.selenium.chrome.ChromeDriver
Command: [null, newSession {capabilities=[Capabilities {browserName: chrome, goog:chromeOptions: {args: [--disable-search-engine-cho..., --disable-features=Optimiza...], extensions: []}}]}]
at org.openqa.selenium.remote.ProtocolHandshake.createSession(ProtocolHandshake.java:114)
at org.openqa.selenium.remote.ProtocolHandshake.createSession(ProtocolHandshake.java:75)
at org.openqa.selenium.remote.ProtocolHandshake.createSession(ProtocolHandshake.java:61)
at org.openqa.selenium.remote.HttpCommandExecutor.execute(HttpCommandExecutor.java:162)
at org.openqa.selenium.remote.service.DriverCommandExecutor.invokeExecute(DriverCommandExecutor.java:216)
at org.openqa.selenium.remote.service.DriverCommandExecutor.execute(DriverCommandExecutor.java:174)
at org.openqa.selenium.remote.RemoteWebDriver.execute(RemoteWebDriver.java:545)
at org.openqa.selenium.remote.RemoteWebDriver.startSession(RemoteWebDriver.java:245)
at org.openqa.selenium.remote.RemoteWebDriver.<init>(RemoteWebDriver.java:174)
at org.openqa.selenium.chromium.ChromiumDriver.<init>(ChromiumDriver.java:114)
at org.openqa.selenium.chrome.ChromeDriver.<init>(ChromeDriver.java:88)
at org.openqa.selenium.chrome.ChromeDriver.<init>(ChromeDriver.java:83)
at org.openqa.selenium.chrome.ChromeDriver.<init>(ChromeDriver.java:72)
at setup.BaseTests.setup(BaseTests.java:30)
... Removed 22 stack frames]]>
    </failure>
  </testcase> <!-- @BeforeTest setup -->
  <testcase classname="setup.BaseTests" name="@AfterTest closeBrowser" time="0.0">
    <skipped/>
  </testcase> <!-- @AfterTest closeBrowser -->
  <testcase classname="testcases.HomePageTests" name="TestNaviLeftMenu" time="0.0">
    <skipped/>
  </testcase> <!-- TestNaviLeftMenu -->
  <testcase classname="testcases.HomePageTests" name="TestNaviLeftMenuAdmin" time="0.001">
    <skipped/>
  </testcase> <!-- TestNaviLeftMenuAdmin -->
  <testcase classname="testcases.HomePageTests" name="TestNaviLeftMenuPIM" time="0.0">
    <skipped/>
  </testcase> <!-- TestNaviLeftMenuPIM -->
  <testcase classname="testcases.HomePageTests" name="TestNaviLeftMenuLeave" time="0.0">
    <skipped/>
  </testcase> <!-- TestNaviLeftMenuLeave -->
  <testcase classname="testcases.HomePageTests" name="TestNaviLeftMenuTime" time="0.0">
    <skipped/>
  </testcase> <!-- TestNaviLeftMenuTime -->
  <testcase classname="testcases.HomePageTests" name="TestNaviLeftMenuRecruitment" time="0.0">
    <skipped/>
  </testcase> <!-- TestNaviLeftMenuRecruitment -->
  <testcase classname="testcases.HomePageTests" name="TestNaviLeftMenuMyInfo" time="0.0">
    <skipped/>
  </testcase> <!-- TestNaviLeftMenuMyInfo -->
  <testcase classname="testcases.HomePageTests" name="TestNaviLeftMenuPerformance" time="0.001">
    <skipped/>
  </testcase> <!-- TestNaviLeftMenuPerformance -->
  <testcase classname="testcases.HomePageTests" name="TestNaviLeftDashboard" time="0.0">
    <skipped/>
  </testcase> <!-- TestNaviLeftDashboard -->
  <testcase classname="testcases.HomePageTests" name="TestNaviLeftDirectory" time="0.0">
    <skipped/>
  </testcase> <!-- TestNaviLeftDirectory -->
  <testcase classname="testcases.HomePageTests" name="TestNaviLeftClaim" time="0.001">
    <skipped/>
  </testcase> <!-- TestNaviLeftClaim -->
  <testcase classname="testcases.HomePageTests" name="TestNaviLeftBuzz" time="0.0">
    <skipped/>
  </testcase> <!-- TestNaviLeftBuzz -->
  <testcase classname="testcases.HomePageTests" name="TestNaviLeftMaintenance" time="0.0">
    <skipped/>
  </testcase> <!-- TestNaviLeftMaintenance -->
  <testcase classname="testcases.HomePageTests" name="TestDashBoardLabel" time="0.0">
    <skipped/>
  </testcase> <!-- TestDashBoardLabel -->
  <testcase classname="testcases.HomePageTests" name="TestDashBoardDropDownMenu" time="0.0">
    <skipped/>
  </testcase> <!-- TestDashBoardDropDownMenu -->
  <testcase classname="testcases.HomePageTests" name="TestDashBoardDropDownMenuChangePassword" time="0.001">
    <skipped/>
  </testcase> <!-- TestDashBoardDropDownMenuChangePassword -->
  <testcase classname="testcases.HomePageTests" name="TestDashBoardDropDownMenuLogout" time="0.0">
    <skipped/>
  </testcase> <!-- TestDashBoardDropDownMenuLogout -->
</testsuite> <!-- HomePage Tests -->
