<?xml version="1.0" encoding="UTF-8"?>
<!-- Generated by org.testng.reporters.JUnitXMLReporter -->
<testsuite ignored="0" hostname="JOHAN-NB" failures="0" tests="13" name="HomePage Tests Edge" time="68.815" errors="0" timestamp="2024-09-22T21:56:25 WIB">
  <testcase classname="testrunner.HomePageTests" name="TestNaviLeftMenu" time="6.277"/>
  <testcase classname="testrunner.HomePageTests" name="TestNaviLeftMenuAdmin" time="2.793"/>
  <testcase classname="testrunner.HomePageTests" name="TestNaviLeftMenuPIM" time="3.8"/>
  <testcase classname="testrunner.HomePageTests" name="TestNaviLeftMenuLeave" time="2.557"/>
  <testcase classname="testrunner.HomePageTests" name="TestNaviLeftMenuTime" time="2.399"/>
  <testcase classname="testrunner.HomePageTests" name="TestNaviLeftMenuRecruitment" time="2.368"/>
  <testcase classname="testrunner.HomePageTests" name="TestNaviLeftMenuMyInfo" time="2.575"/>
  <testcase classname="testrunner.HomePageTests" name="TestNaviLeftMenuPerformance" time="2.423"/>
  <testcase classname="testrunner.HomePageTests" name="TestNaviLeftDashboard" time="2.018"/>
  <testcase classname="testrunner.HomePageTests" name="TestNaviLeftDirectory" time="2.02"/>
  <testcase classname="testrunner.HomePageTests" name="TestNaviLeftClaim" time="2.448"/>
  <testcase classname="testrunner.HomePageTests" name="TestNaviLeftBuzz" time="1.994"/>
  <testcase classname="testrunner.HomePageTests" name="TestNaviLeftMaintenance" time="4.982"/>
</testsuite> <!-- HomePage Tests Edge -->
