<?xml version="1.0" encoding="UTF-8"?>
<!-- Generated by org.testng.reporters.JUnitXMLReporter -->
<testsuite ignored="0" hostname="JOHAN-NB" failures="0" tests="16" name="HomePage Tests Chrome" time="41.768" errors="0" timestamp="2024-10-06T19:34:19 WIB">
  <testcase classname="testrunner.HomePageTests" name="TestNaviLeftMenu" time="4.09"/>
  <testcase classname="testrunner.HomePageTests" name="TestNaviLeftMenuAdmin" time="2.74"/>
  <testcase classname="testrunner.HomePageTests" name="TestNaviLeftMenuPIM" time="2.632"/>
  <testcase classname="testrunner.HomePageTests" name="TestNaviLeftMenuLeave" time="2.253"/>
  <testcase classname="testrunner.HomePageTests" name="TestNaviLeftMenuTime" time="1.955"/>
  <testcase classname="testrunner.HomePageTests" name="TestNaviLeftMenuRecruitment" time="2.213"/>
  <testcase classname="testrunner.HomePageTests" name="TestNaviLeftMenuMyInfo" time="2.554"/>
  <testcase classname="testrunner.HomePageTests" name="TestNaviLeftMenuPerformance" time="3.106"/>
  <testcase classname="testrunner.HomePageTests" name="TestNaviLeftDashboard" time="2.657"/>
  <testcase classname="testrunner.HomePageTests" name="TestNaviLeftDirectory" time="1.987"/>
  <testcase classname="testrunner.HomePageTests" name="TestNaviLeftClaim" time="2.201"/>
  <testcase classname="testrunner.HomePageTests" name="TestNaviLeftBuzz" time="2.256"/>
  <testcase classname="testrunner.HomePageTests" name="TestNaviLeftMaintenance" time="6.729"/>
  <testcase classname="testrunner.HomePageTests" name="TestDashBoardLabel" time="0.305"/>
  <testcase classname="testrunner.HomePageTests" name="TestDashBoardDropDownMenu" time="0.045"/>
  <testcase classname="testrunner.HomePageTests" name="TestDashBoardDropDownMenuAbout" time="0.055"/>
</testsuite> <!-- HomePage Tests Chrome -->
