<?xml version="1.0" encoding="UTF-8"?>
<testsuite xmlns:xsi="http://www.w3.org/2001/XMLSchema-instance" xsi:noNamespaceSchemaLocation="https://maven.apache.org/surefire/maven-surefire-plugin/xsd/surefire-test-report-3.0.xsd" version="3.0" name="TestSuite" time="25.818" tests="5" errors="0" skipped="0" failures="0">
  <properties>
[...]
</properties>
  <testcase name="TestNaviLeftMenu" classname="testrunner.HomePageTests" time="4.542">
    <system-err><![CDATA[SLF4J: Failed to load class "org.slf4j.impl.StaticLoggerBinder".
SLF4J: Defaulting to no-operation (NOP) logger implementation
SLF4J: See http://www.slf4j.org/codes.html#StaticLoggerBinder for further details.
]]></system-err>
  </testcase>
  <testcase name="TestNaviLeftMenuAdmin" classname="testrunner.HomePageTests" time="5.336"/>
  <testcase name="TestNaviLeftMenuPIM" classname="testrunner.HomePageTests" time="1.139"/>
  <testcase name="TestNaviLeftMenuLeave" classname="testrunner.HomePageTests" time="1.761"/>
  <testcase name="TestNaviLeftMenuTime" classname="testrunner.HomePageTests" time="2.067"/>
</testsuite>