<?xml version="1.0" encoding="UTF-8"?>
<!-- Generated by org.testng.reporters.JUnitXMLReporter -->
<testsuite ignored="2" hostname="JOHAN-NB" failures="0" tests="3" name="Login Tests" time="25.658" errors="0" timestamp="2024-09-21T23:25:12 WIB">
  <testcase classname="testrunner.LoginTests" name="openWeb" time="0.627"/>
  <testcase classname="testrunner.LoginTests" name="verifyLoginPageTitle" time="0.028"/>
  <testcase classname="testrunner.LoginTests" name="HomeTest" time="3.578"/>
  <testcase classname="testrunner.LoginTests" name="verifyLinkedIn" time="0.0">
    <ignored/>
  </testcase> <!-- verifyLinkedIn -->
  <testcase classname="testrunner.LoginTests" name="verifyforgetPasswordLink" time="0.0">
    <ignored/>
  </testcase> <!-- verifyforgetPasswordLink -->
</testsuite> <!-- Login Tests -->
