<?xml version="1.0" encoding="UTF-8"?>
<!-- Generated by org.testng.reporters.JUnitXMLReporter -->
<testsuite ignored="0" hostname="JOHAN-NB" failures="0" tests="13" name="HomePage Tests Opera" time="0.053" errors="0" timestamp="2024-09-22T21:45:52 WIB">
  <testcase classname="testrunner.HomePageTests" name="TestNaviLeftMenu" time="0.0">
    <skipped/>
  </testcase> <!-- TestNaviLeftMenu -->
  <testcase classname="testrunner.HomePageTests" name="TestNaviLeftMenuAdmin" time="0.0">
    <skipped/>
  </testcase> <!-- TestNaviLeftMenuAdmin -->
  <testcase classname="testrunner.HomePageTests" name="TestNaviLeftMenuPIM" time="0.0">
    <skipped/>
  </testcase> <!-- TestNaviLeftMenuPIM -->
  <testcase classname="testrunner.HomePageTests" name="TestNaviLeftMenuLeave" time="0.0">
    <skipped/>
  </testcase> <!-- TestNaviLeftMenuLeave -->
  <testcase classname="testrunner.HomePageTests" name="TestNaviLeftMenuTime" time="0.0">
    <skipped/>
  </testcase> <!-- TestNaviLeftMenuTime -->
  <testcase classname="testrunner.HomePageTests" name="TestNaviLeftMenuRecruitment" time="0.0">
    <skipped/>
  </testcase> <!-- TestNaviLeftMenuRecruitment -->
  <testcase classname="testrunner.HomePageTests" name="TestNaviLeftMenuMyInfo" time="0.0">
    <skipped/>
  </testcase> <!-- TestNaviLeftMenuMyInfo -->
  <testcase classname="testrunner.HomePageTests" name="TestNaviLeftMenuPerformance" time="0.0">
    <skipped/>
  </testcase> <!-- TestNaviLeftMenuPerformance -->
  <testcase classname="testrunner.HomePageTests" name="TestNaviLeftDashboard" time="0.0">
    <skipped/>
  </testcase> <!-- TestNaviLeftDashboard -->
  <testcase classname="testrunner.HomePageTests" name="TestNaviLeftDirectory" time="0.0">
    <skipped/>
  </testcase> <!-- TestNaviLeftDirectory -->
  <testcase classname="testrunner.HomePageTests" name="TestNaviLeftClaim" time="0.0">
    <skipped/>
  </testcase> <!-- TestNaviLeftClaim -->
  <testcase classname="testrunner.HomePageTests" name="TestNaviLeftBuzz" time="0.0">
    <skipped/>
  </testcase> <!-- TestNaviLeftBuzz -->
  <testcase classname="testrunner.HomePageTests" name="TestNaviLeftMaintenance" time="0.0">
    <skipped/>
  </testcase> <!-- TestNaviLeftMaintenance -->
</testsuite> <!-- HomePage Tests Opera -->
