<?xml version="1.0" encoding="UTF-8"?>
<!-- Generated by org.testng.reporters.JUnitXMLReporter -->
<testsuite ignored="0" hostname="JOHAN-NB" failures="0" tests="6" name="HomePage Tests" time="36.558" errors="0" timestamp="2024-09-16T19:52:55 WIB">
  <testcase classname="testrunner.HomePageTests" name="TestNaviLeftMenu" time="4.46"/>
  <testcase classname="testrunner.HomePageTests" name="TestNaviLeftMenuAdmin" time="7.624"/>
  <testcase classname="testrunner.HomePageTests" name="TestNaviLeftMenuPIM" time="0.914"/>
  <testcase classname="testrunner.HomePageTests" name="TestNaviLeftMenuLeave" time="1.391"/>
  <testcase classname="testrunner.HomePageTests" name="TestNaviLeftMenuTime" time="1.659"/>
  <testcase classname="testrunner.HomePageTests" name="TestNaviLeftMenuRecruitment" time="1.324"/>
</testsuite> <!-- HomePage Tests -->
