<?xml version="1.0" encoding="UTF-8"?>
<!-- Generated by org.testng.reporters.JUnitXMLReporter -->
<testsuite ignored="0" hostname="JOHAN-NB" failures="0" tests="3" name="HomePage Tests" time="23.248" errors="0" timestamp="2024-09-16T16:59:52 WIB">
  <testcase classname="testrunner.HomePageTests" name="TestNaviLeftMenu" time="5.619"/>
  <testcase classname="testrunner.HomePageTests" name="TestNaviLeftMenuAdmin" time="2.61"/>
  <testcase classname="testrunner.HomePageTests" name="TestNaviLeftMenuPIM" time="2.594"/>
</testsuite> <!-- HomePage Tests -->
