<?xml version="1.0" encoding="UTF-8"?>
<!-- Generated by org.testng.reporters.JUnitXMLReporter -->
<testsuite ignored="2" hostname="JOHAN-NB" failures="1" tests="3" name="Login Tests" time="27.537" errors="0" timestamp="2024-09-29T22:36:48 WIB">
  <testcase classname="testrunner.LoginTests" name="openWeb" time="1.099">
    <failure type="java.lang.AssertionError" message="expected [ERP] but found [OrangeHRM]">
      <![CDATA[java.lang.AssertionError: expected [ERP] but found [OrangeHRM]
at testrunner.LoginTests.openWeb(LoginTests.java:23)
at java.base/java.util.ArrayList.forEach(ArrayList.java:1597)
... Removed 31 stack frames]]>
    </failure>
  </testcase> <!-- openWeb -->
  <testcase classname="testrunner.LoginTests" name="verifyLoginPageTitle" time="0.044"/>
  <testcase classname="testrunner.LoginTests" name="HomeTest" time="3.485"/>
  <testcase classname="testrunner.LoginTests" name="verifyforgetPasswordLink" time="0.0">
    <ignored/>
  </testcase> <!-- verifyforgetPasswordLink -->
  <testcase classname="testrunner.LoginTests" name="verifyLinkedIn" time="0.0">
    <ignored/>
  </testcase> <!-- verifyLinkedIn -->
</testsuite> <!-- Login Tests -->
